<?xml version="1.0" encoding="UTF-8"?>
<!-- Generated by org.testng.reporters.JUnitReportReporter -->
<testsuite skipped="0" hostname="DESKTOP-DELL" name="com.report.demo.TC_2_LaunchGoogle" tests="1" failures="0" timestamp="30 Jun 2021 10:50:25 GMT" time="2.285" errors="0">
  <testcase name="launchapp" time="2.285" classname="com.report.demo.TC_2_LaunchGoogle"/>
</testsuite> <!-- com.report.demo.TC_2_LaunchGoogle -->
