<?xml version="1.0" encoding="UTF-8"?>
<!-- Generated by org.testng.reporters.JUnitReportReporter -->
<testsuite skipped="0" hostname="DESKTOP-DELL" name="com.jenkins.demo.SampleTest_2" tests="3" failures="0" timestamp="07 Jun 2021 12:41:12 GMT" time="0.005" errors="0">
  <testcase name="test_one" time="0.001" classname="com.jenkins.demo.SampleTest_2"/>
  <testcase name="test_two" time="0.002" classname="com.jenkins.demo.SampleTest_2"/>
  <testcase name="test_three" time="0.002" classname="com.jenkins.demo.SampleTest_2"/>
</testsuite> <!-- com.jenkins.demo.SampleTest_2 -->
