<?xml version="1.0" encoding="UTF-8"?>
<!-- Generated by org.testng.reporters.JUnitReportReporter -->
<testsuite skipped="0" hostname="DESKTOP-DELL" name="com.report.demo.TC_1_LaunchGoogle" tests="1" failures="0" timestamp="30 Jun 2021 09:42:26 GMT" time="2.199" errors="0">
  <testcase name="launchApp" time="2.199" classname="com.report.demo.TC_1_LaunchGoogle"/>
</testsuite> <!-- com.report.demo.TC_1_LaunchGoogle -->
