<?xml version="1.0" encoding="UTF-8"?>
<!-- Generated by org.testng.reporters.JUnitReportReporter -->
<testsuite skipped="0" hostname="DESKTOP-DELL" name="com.report.demo.TC_3_LaunchYatra" tests="1" failures="0" timestamp="30 Jun 2021 10:50:25 GMT" time="3.848" errors="0">
  <testcase name="launchapp" time="3.848" classname="com.report.demo.TC_3_LaunchYatra"/>
</testsuite> <!-- com.report.demo.TC_3_LaunchYatra -->
